Microsoft (R) Help Compiler
HCRTF 4.03.0002
Copyright (c) Microsoft Corp 1990 - 1995. All rights reserved.
soedit.hpj
    HC3037: Warning: C:\Projects\SOEdit\hlp\SOEdit.hm : 
	The map value for "HIDR_VIEW_MENU" is the same as the map value for "HIDR_MENU1".
    HC1002: Note: 
	Using existing phrase table: SOEdit.ph.
    HC4002: Warning: 
	The RTF file C:\Projects\SOEdit\hlp\.\afxcore.rtf is corrupted at offset 31354.
    HC3025: Warning: topic #5 of C:\Projects\SOEdit\hlp\.\afxcore.rtf : 
	Jump to undefined Topic ID: "HID_WINDOW_CASCADE".
    HC3025: Warning: topic #7 of C:\Projects\SOEdit\hlp\.\afxcore.rtf : 
	Jump to undefined Topic ID: "AFX_HIDD_NEWTYPEDLG".
    HC3025: Warning: topic #1 of C:\Projects\SOEdit\hlp\.\afxcore.rtf : 
	Jump to undefined Topic ID: "menu_record".
    HC3025: Warning: topic #11 of C:\Projects\SOEdit\hlp\.\afxcore.rtf : 
	Jump to undefined Topic ID: "AFX_HIDD_FILESAVE".
    HC3025: Warning: topic #3 of C:\Projects\SOEdit\hlp\.\afxcore.rtf : 
	Jump to undefined Topic ID: "HID_EDIT_PASTE".
    HC3025: Warning: topic #2 of C:\Projects\SOEdit\hlp\.\afxcore.rtf : 
	Jump to undefined Topic ID: "HID_FILE_SEND_MAIL".
    HC3025: Warning: topic #3 of C:\Projects\SOEdit\hlp\.\afxcore.rtf : 
	Jump to undefined Topic ID: "HID_EDIT_COPY".
    HC3025: Warning: topic #3 of C:\Projects\SOEdit\hlp\.\afxcore.rtf : 
	Jump to undefined Topic ID: "HID_EDIT_UNDO".
    HC3025: Warning: topic #1 of C:\Projects\SOEdit\hlp\.\afxcore.rtf : 
	Jump to undefined Topic ID: "menu_edit".
    HC3025: Warning: topic #1 of C:\Projects\SOEdit\hlp\.\afxcore.rtf : 
	Jump to undefined Topic ID: "menu_file".
    HC3025: Warning: topic #1 of C:\Projects\SOEdit\hlp\.\afxcore.rtf : 
	Jump to undefined Topic ID: "menu_help".
    HC3025: Warning: topic #1 of C:\Projects\SOEdit\hlp\.\afxcore.rtf : 
	Jump to undefined Topic ID: "menu_view".
    HC3025: Warning: topic #1 of C:\Projects\SOEdit\hlp\.\afxcore.rtf : 
	Jump to undefined Topic ID: "menu_window".
    HC3025: Warning: topic #23 of C:\Projects\SOEdit\hlp\.\afxcore.rtf : 
	Jump to undefined Topic ID: "AFX_HIDW_TOOLBAR".
    HC3025: Warning: topic #6 of C:\Projects\SOEdit\hlp\.\afxcore.rtf : 
	Jump to undefined Topic ID: "HID_HELP_INDEX".
    HC3025: Warning: topic #4 of C:\Projects\SOEdit\hlp\.\afxcore.rtf : 
	Jump to undefined Topic ID: "HID_VIEW_TOOLBAR".
    HC3025: Warning: topic #25 of C:\Projects\SOEdit\hlp\.\afxcore.rtf : 
	Jump to undefined Topic ID: "AFX_HIDW_STATUS_BAR".
    HC3025: Warning: topic #12 of C:\Projects\SOEdit\hlp\.\afxcore.rtf : 
	Jump to undefined Topic ID: "HID_FILE_SAVE_AS".
    HC3025: Warning: topic #5 of C:\Projects\SOEdit\hlp\.\afxcore.rtf : 
	Jump to undefined Topic ID: "HID_WINDOW_SPLIT".
    HC3025: Warning: topic #5 of C:\Projects\SOEdit\hlp\.\afxcore.rtf : 
	Jump to undefined Topic ID: "HID_WINDOW_ARRANGE".
    HC3025: Warning: topic #6 of C:\Projects\SOEdit\hlp\.\afxcore.rtf : 
	Jump to undefined Topic ID: "HID_APP_ABOUT".
    HC3025: Warning: topic #2 of C:\Projects\SOEdit\hlp\.\afxcore.rtf : 
	Jump to undefined Topic ID: "HID_APP_EXIT".
    HC3025: Warning: topic #2 of C:\Projects\SOEdit\hlp\.\afxcore.rtf : 
	Jump to undefined Topic ID: "HID_FILE_NEW".
    HC3025: Warning: topic #2 of C:\Projects\SOEdit\hlp\.\afxcore.rtf : 
	Jump to undefined Topic ID: "HID_FILE_CLOSE".
    HC3025: Warning: topic #4 of C:\Projects\SOEdit\hlp\.\afxcore.rtf : 
	Jump to undefined Topic ID: "HID_VIEW_STATUS_BAR".
    HC3025: Warning: topic #5 of C:\Projects\SOEdit\hlp\.\afxcore.rtf : 
	Jump to undefined Topic ID: "HID_WINDOW_ALL".
    HC3025: Warning: topic #5 of C:\Projects\SOEdit\hlp\.\afxcore.rtf : 
	Jump to undefined Topic ID: "HID_WINDOW_NEW".
    HC3025: Warning: topic #5 of C:\Projects\SOEdit\hlp\.\afxcore.rtf : 
	Jump to undefined Topic ID: "HID_WINDOW_TILE".
    HC3025: Warning: topic #3 of C:\Projects\SOEdit\hlp\.\afxcore.rtf : 
	Jump to undefined Topic ID: "HID_OLE_EDIT_LINKS".
    HC3025: Warning: topic #3 of C:\Projects\SOEdit\hlp\.\afxcore.rtf : 
	Jump to undefined Topic ID: "HID_EDIT_PASTE_LINK".
    HC3025: Warning: topic #2 of C:\Projects\SOEdit\hlp\.\afxcore.rtf : 
	Jump to undefined Topic ID: "HID_FILE_OPEN".
    HC3025: Warning: topic #13 of C:\Projects\SOEdit\hlp\.\afxcore.rtf : 
	Jump to undefined Topic ID: "HID_FILE_SAVE".
    HC3025: Warning: topic #3 of C:\Projects\SOEdit\hlp\.\afxcore.rtf : 
	Jump to undefined Topic ID: "HID_OLE_INSERT_NEW".
    HC3025: Warning: topic #3 of C:\Projects\SOEdit\hlp\.\afxcore.rtf : 
	Jump to undefined Topic ID: "HID_EDIT_CUT".
    HC1010: Note: 
	The following mapped Topic IDs were not used in any topic:
	HIDD_ANIMBOX
	HIDD_TOOLBOX
	HIDD_TOOLTAB
	HIDD_BONEDATA
	AFX_HIDP_UNREG_DONE
	HID_WINDOW_CASCADE
	AFX_HIDD_NEWTYPEDLG
	HIDM_BONE_DELETE
	HID_SC_NEXTWINDOW
	HID_VIEW_SHADED
	HIDM_TREE_PARENT
	HID_WINDOW_TILE_HORZ
	HID_WINDOW_TILE_VERT
	HID_VIEW_TOP
	AFX_HIDP_GET_NOT_SUPPORTED
	HID_HT_OBJECT
	AFX_HIDD_FILEOPEN
	AFX_HIDD_FILESAVE
	AFX_HIDP_SQL_BOOKMARKS_NOT_ENABLED
	HID_EDIT_REPEAT
	HID_SC_CLOSE
	HID_SC_RESTORE
	HID_RECORD_FIRST
	HIDD_COLORS
	HID_EDIT_SELECT_ALL
	HID_GRID_OFF
	HID_EDIT_CLEAR
	HID_TEX_SCHEME
	HID_FILE_UPDATE
	HID_TEX_SELECT
	HID_EDIT_PASTE
	AFX_HIDW_RESIZE_BAR
	HID_MODE_ANIMATION
	AFX_HIDP_SQL_NO_DATA_FOUND
	AFX_HIDP_SQL_EMPTY_COLUMN_LIST
	HID_FILE_SEND_MAIL
	AFX_HIDP_SQL_ODBC_LOAD_FAILED
	HID_VIEW_LEFT
	HID_VIEW_REAR
	AFX_HIDP_FAILED_TO_CREATE
	HID_EDIT_PROPERTIES
	AFX_HIDD_BUSY
	AFX_HIDD_FIND
	AFX_HIDD_FONT
	AFX_HIDP_ARCH_NONE
	HID_RECORD_LAST
	HID_RECORD_NEXT
	HID_RECORD_PREV
	HID_EDIT_COPY
	HID_EDIT_FIND
	HID_EDIT_REDO
	HID_EDIT_UNDO
	AFX_HIDD_OBJECTPROPERTIES
	HID_MODE_ROTATE
	AFX_HIDP_UNREG_FAILURE
	HIDM_BONE_INSERT
	HIDM_VOL_DELETE
	AFX_HIDP_SQL_BOOKMARKS_NOT_SUPPORTED
	HID_GRID_SMALLER
	HID_EDIT_PREFERENCES
	HID_MODE_SELECT
	HID_VIEW_OBSTACLES
	AFX_HIDP_FILE_TOO_MANY_OPEN
	HID_VIEW_WIREFRAME
	HID_PLY_TEXTURE
	AFX_HIDP_SQL_FIELD_NOT_FOUND
	AFX_HIDP_FILE_ACCESS_DENIED
	HID_TEX_EDIT
	HID_FILE_SAVE_COPY_AS
	HIDM_BONE_PROP
	AFX_HIDD_CONVERT
	HID_VIEW_BACKFACES
	HID_SC_PREVWINDOW
	HID_MODE_PLY
	AFX_HIDP_ASK_TO_DISCARD
	AFX_HIDP_SQL_FIELD_SCHEMA_MISMATCH
	AFX_HIDP_SQL_LOCK_MODE_NOT_SUPPORTED
	HID_FORMAT_FONT
	AFX_HIDP_FILE_HARD_IO
	AFX_HIDD_CHANGESOURCE
	HIDM_VOL_ADD
	HID_HT_NOWHERE
	AFX_HIDP_FILE_NOT_FOUND
	AFX_HIDW_DOCKBAR_TOP
	HID_SC_TASKLIST
	HIDR_SOEDITTYPE
	AFX_HIDP_DAO_DFX_BIND
	HID_GRID_ON
	HID_MODE_VOLUME
	AFX_HIDW_TOOLBAR
	HIDM_VOL_PROP
	AFX_HIDP_SQL_ODBC_V2_REQUIRED
	AFX_HIDP_SQL_NO_ROWS_AFFECTED
	HIDR_VOLUME_TOP
	HID_HELP_INDEX
	HID_OLE_EDIT_CONVERT
	HID_HELP_USING
	HID_VIEW_C_2DBACK
	HID_VIEW_C_ORIGIN
	HID_PLY_ADD
	AFX_HIDP_SQL_SQL_CONFORMANCE
	HIDM_VOL_INSERT
	AFX_HIDD_INSERTOBJECT
	HID_MODE_SCALE
	AFX_HIDP_SQL_RECORDSET_READONLY
	HID_GRID_LARGER
	HID_VIEW_C_3DBACK
	AFX_HIDP_PARSE_RADIO_BUTTON
	HIDM_BONE_PARENT
	HIDD_VOL_PROPS
	HID_VIEW_VOLUMES
	HID_MODE_BONE
	HID_MODE_MOVE
	HID_EDIT_PASTE_SPECIAL
	AFX_HIDP_DAO_ROWTOOSHORT
	HIDR_BONE_TOP
	HID_VIEW_BOTTOM
	HID_SC_MOVE
	HID_SC_SIZE
	AFX_HIDP_SQL_INCORRECT_ODBC
	AFX_HIDP_NO_ERROR_AVAILABLE
	HID_SC_MAXIMIZE
	AFX_HIDW_DOCKBAR_BOTTOM
	HIDD_ANIM_DATA
	HID_PREV_PANE
	HID_VIEW_C_GRID
	AFX_HIDP_FILE_DIR_FULL
	HID_VIEW_CAMERA
	AFX_HIDP_DAO_BADBINDINFO
	HID_VIEW_COLORS
	AFX_HIDP_SQL_UPDATE_DELETE_FAILED
	AFX_HIDP_PARSE_DATETIME
	HID_VIEW_TOOLBAR
	HID_OLE_EDIT_CHANGE_ICON
	AFX_HIDP_ARCH_ENDOFFILE
	AFX_HIDP_SQL_SQL_NO_TOTAL
	AFX_HIDP_SQL_CONNECT_FAIL
	AFX_HIDW_STATUS_BAR
	AFX_HIDP_SQL_API_CONFORMANCE
	HID_OLE_EDIT_PROPERTIES
	AFX_HIDP_FILE_DISKFULL
	HID_FILE_SAVE_AS
	AFX_HIDW_DOCKBAR_LEFT
	HIDM_TREE_PROP
	HIDD_BONE_PROPS
	AFX_HIDP_FILE_REMOVE_CURRENT
	HIDD_PREFER
	AFX_HIDP_ARCH_BADCLASS
	HIDD_ANIM_PROPS
	AFX_HIDP_SQL_NO_POSITIONED_UPDATES
	HID_VIEW_ENTITY
	HID_OLE_VERB_1
	HID_OLE_VERB_1
	HID_OLE_VERB_1
	HID_OLE_VERB_1
	HID_OLE_VERB_1
	HID_OLE_VERB_1
	HID_OLE_VERB_1
	HID_OLE_VERB_1
	HID_OLE_VERB_1
	HID_OLE_VERB_1
	HID_OLE_VERB_1
	HID_OLE_VERB_1
	HID_OLE_VERB_1
	HID_OLE_VERB_1
	HID_OLE_VERB_1
	HID_OLE_VERB_1
	AFX_HIDP_ARCH_BADINDEX
	HID_WIZBACK
	HID_WIZNEXT
	HID_WINDOW_SPLIT
	HID_VIEW_AREAS
	AFX_HIDP_PARSE_CURRENCY
	HID_TEX_CHANGE
	HID_VIEW_FRONT
	AFX_HIDP_FILE_NONE
	HID_FILE_EXPORT
	HID_VIEW_RIGHT
	AFX_HIDP_FAILED_TO_CONVERT
	HID_HELP_FINDER
	HIDR_MENU1
	AFX_HIDP_FILE_EOF
	HID_HT_CAPTION
	AFX_HIDP_FILE_LOCKING
	AFX_HIDP_SQL_ILLEGAL_MODE
	AFX_HIDD_PREVIEW_TOOLBAR
	HID_ANM_EDIT
	HID_ANM_LOAD
	HID_ANM_PLAY
	HID_ANM_SAVE
	HID_WINDOW_ARRANGE
	HIDM_TREE_DELETE
	HID_VIEW_SELECTED
	AFX_HIDP_SQL_NO_CURRENT_RECORD
	HIDM_BONE_ADD
	AFX_HIDP_FILE_BAD_PATH
	AFX_HIDP_FILE_BAD_SEEK
	HID_PLY_DELETE
	AFX_HIDP_SQL_ROW_UPDATE_NOT_SUPPORTED
	HID_APP_ABOUT
	AFX_HIDP_FAILED_MAPI_LOAD
	AFX_HIDP_FAILED_MAPI_SEND
	HIDD_VOL_POLY
	HID_EDIT_REPLACE
	HID_APP_EXIT
	AFX_HIDP_FILE_SHARING
	HID_FILE_NEW
	HIDR_VOLUME_MENU
	HID_FILE_PRINT_DIRECT
	HID_FILE_IMPORT
	HID_FILE_CLOSE
	HID_FILE_MRU_FILE1
	HID_FILE_MRU_FILE1
	HID_FILE_MRU_FILE1
	HID_FILE_MRU_FILE1
	HID_FILE_MRU_FILE1
	HID_FILE_MRU_FILE1
	HID_FILE_MRU_FILE1
	HID_FILE_MRU_FILE1
	HID_FILE_MRU_FILE1
	HID_FILE_MRU_FILE1
	HID_FILE_MRU_FILE1
	HID_FILE_MRU_FILE1
	HID_FILE_MRU_FILE1
	HID_FILE_MRU_FILE1
	HID_FILE_MRU_FILE1
	HID_FILE_MRU_FILE1
	AFX_HIDP_DLL_LOAD_FAILED
	HID_GRID_CONTROL
	AFX_HIDP_SQL_DYNASET_NOT_SUPPORTED
	AFX_HIDP_SQL_ROW_FETCH
	HIDD_MODEL_TREE
	HID_VIEW_STATUS_BAR
	AFX_HIDP_SET_NOT_SUPPORTED
	AFX_HIDD_CHANGEICON
	AFX_HIDP_DLL_BAD_VERSION
	AFX_HIDP_ARCH_BADSCHEMA
	AFX_HIDD_FILEBROWSE
	HID_VIEW_LAYOUT
	HID_WINDOW_ALL
	HID_WINDOW_NEW
	HIDM_TREE_INSERT
	HID_CONTEXT_HELP
	AFX_HIDD_EDITLINKS
	AFX_HIDP_SQL_DATA_TRUNCATED
	HID_HT_HELP
	HID_WIZFINISH
	AFX_HIDP_INVALID_MAPI_DLL
	AFX_HIDD_PREVIEW_SHORTTOOLBAR
	AFX_HIDP_DAO_OBJECT_NOT_OPEN
	AFX_HIDP_ARCH_WRITEONLY
	HID_OLE_EDIT_LINKS
	AFX_HIDP_SQL_MULTIPLE_ROWS_AFFECTED
	AFX_HIDD_COLOR
	HID_EDIT_PASTE_LINK
	HID_NEXT_PANE
	AFX_HIDP_DAO_ENGINE_INITIALIZATION
	AFX_HIDW_DOCKBAR_FLOAT
	HID_FILE_OPEN
	HID_FILE_SAVE
	HID_SC_MINIMIZE
	AFX_HIDW_DOCKBAR_RIGHT
	AFX_HIDP_PARSE_BYTE
	AFX_HIDP_PARSE_UINT
	HID_VIEW_OPENGL
	AFX_HIDP_ARCH_GENERIC
	HIDD_GET_PATH
	AFX_HIDP_SQL_SNAPSHOT_NOT_SUPPORTED
	AFX_HIDD_PASTESPECIAL
	AFX_HIDP_FILE_GENERIC
	AFX_HIDP_FILE_INVALID_FILE
	HIDR_BONE_MENU
	HID_HT_CLOSE
	HIDD_VOL_BOX
	HIDD_VOL_CYL
	HIDD_VOLDATA
	HID_EDIT_CLEAR_ALL
	AFX_HIDP_ARCH_READONLY
	AFX_HIDP_SQL_RECORDSET_FORWARD_ONLY
	HID_OLE_INSERT_NEW
	HID_EDIT_CUT
	AFX_HIDP_SQL_DYNAMIC_CURSOR_NOT_SUPPORTED
	AFX_HIDP_DAO_COLUMNUNAVAILABLE
	AFX_HIDD_REPLACE
    HC4009: Warning: 
	The Topic ID "main_index" specified in the Project files as the Default Topic does not exist.
8	Topics
48	Jumps
4	Keywords
21	Bitmaps


Created C:\Projects\SOEdit\hlp\SOEdit.HLP, 37,675 bytes
Bitmaps: 5,348 bytes
Phrase+Zeck compression decreased help file by 13,757 bytes.
Compile time: 0 minutes, 0 seconds
2 notes, 37 warnings
