  CBoneData.cpp
D:\SOEdit Version Next (v0.7m4)\resource.h(743,9): warning C4005: 'IDC_RESET_BONE': macro redefinition
  (compiling source file '/CBoneData.cpp')
      D:\SOEdit Version Next (v0.7m4)\resource.h(438,9):
      see previous definition of 'IDC_RESET_BONE'
  
D:\SOEdit Version Next (v0.7m4)\CBoneData.cpp(22,2): warning C4996: 'strcpy': This function or variable may be unsafe. Consider using strcpy_s instead. To disable deprecation, use _CRT_SECURE_NO_WARNINGS. See online help for details.
  (compiling source file '/CBoneData.cpp')
  
D:\SOEdit Version Next (v0.7m4)\CBoneData.cpp(722,5): warning C4996: 'sprintf': This function or variable may be unsafe. Consider using sprintf_s instead. To disable deprecation, use _CRT_SECURE_NO_WARNINGS. See online help for details.
  (compiling source file '/CBoneData.cpp')
  
D:\SOEdit Version Next (v0.7m4)\CBoneData.cpp(726,5): warning C4996: 'sprintf': This function or variable may be unsafe. Consider using sprintf_s instead. To disable deprecation, use _CRT_SECURE_NO_WARNINGS. See online help for details.
  (compiling source file '/CBoneData.cpp')
  
D:\SOEdit Version Next (v0.7m4)\CBoneData.cpp(791,3): warning C4996: 'sprintf': This function or variable may be unsafe. Consider using sprintf_s instead. To disable deprecation, use _CRT_SECURE_NO_WARNINGS. See online help for details.
  (compiling source file '/CBoneData.cpp')
  
D:\SOEdit Version Next (v0.7m4)\CBoneData.cpp(930,2): warning C4996: 'sprintf': This function or variable may be unsafe. Consider using sprintf_s instead. To disable deprecation, use _CRT_SECURE_NO_WARNINGS. See online help for details.
  (compiling source file '/CBoneData.cpp')
  
D:\SOEdit Version Next (v0.7m4)\CBoneData.cpp(1426,7): warning C4996: 'strcpy': This function or variable may be unsafe. Consider using strcpy_s instead. To disable deprecation, use _CRT_SECURE_NO_WARNINGS. See online help for details.
  (compiling source file '/CBoneData.cpp')
  
D:\SOEdit Version Next (v0.7m4)\CBoneData.cpp(1428,7): warning C4996: 'strcpy': This function or variable may be unsafe. Consider using strcpy_s instead. To disable deprecation, use _CRT_SECURE_NO_WARNINGS. See online help for details.
  (compiling source file '/CBoneData.cpp')
  
D:\SOEdit Version Next (v0.7m4)\CBoneData.cpp(1444,6): warning C4996: 'strcpy': This function or variable may be unsafe. Consider using strcpy_s instead. To disable deprecation, use _CRT_SECURE_NO_WARNINGS. See online help for details.
  (compiling source file '/CBoneData.cpp')
  
D:\SOEdit Version Next (v0.7m4)\CBoneData.cpp(1482,19): warning C4267: '=': conversion from 'size_t' to 'BYTE', possible loss of data
  (compiling source file '/CBoneData.cpp')
  
D:\SOEdit Version Next (v0.7m4)\CBoneData.cpp(1486,7): warning C4996: 'strcpy': This function or variable may be unsafe. Consider using strcpy_s instead. To disable deprecation, use _CRT_SECURE_NO_WARNINGS. See online help for details.
  (compiling source file '/CBoneData.cpp')
  
D:\SOEdit Version Next (v0.7m4)\CBoneData.cpp(1488,19): warning C4267: '=': conversion from 'size_t' to 'BYTE', possible loss of data
  (compiling source file '/CBoneData.cpp')
  
D:\SOEdit Version Next (v0.7m4)\CBoneData.cpp(1492,7): warning C4996: 'strcpy': This function or variable may be unsafe. Consider using strcpy_s instead. To disable deprecation, use _CRT_SECURE_NO_WARNINGS. See online help for details.
  (compiling source file '/CBoneData.cpp')
  
  SOEdit.vcxproj -> D:\SOEdit Version Next (v0.7m4)\Release\SOEdit.exe
  D:\SOEdit Version Next (v0.7m4)\Release\SOEdit.exe
  1 File(s) copied
  D:\SOEdit Version Next (v0.7m4)\Release\FreeImage.dll
  1 File(s) copied
